20:38:17:416 [ALWAYS]	GUDE Logging Started
20:38:17:416 [INFO]	SqliteResumeCache::SqliteResumeCache basedirectory is null/empty
20:38:17:416 [ERROR]	SqliteResumeCache::CreateSqliteResumeCache creating resume cache pointer failure
20:38:17:416 [ERROR]	Initialize resume cache pointer failure
20:38:17:417 [INFO]	gude policy POLICY_USER limit (2,2,1) chunk 2097152, chunking (UL 0 DL 1), resXfer 1, adapt 0, NSURL 0, timeout 86400 
20:38:17:417 [INFO]	Initialized -- gude-lib version: v0.12.1 app: gude
20:38:21:426 [WARN]	Ignoring attempt to reinit logging to \gude at level 4 retaining 3 days of logs
20:38:21:427 [INFO]	SqliteResumeCache::SqliteResumeCache basedirectory is null/empty
20:38:21:427 [ERROR]	SqliteResumeCache::CreateSqliteResumeCache creating resume cache pointer failure
20:38:21:427 [ERROR]	Initialize resume cache pointer failure
20:38:21:427 [INFO]	gude policy POLICY_USER limit (4,4,1) chunk 2097152, chunking (UL 0 DL 1), resXfer 1, adapt 0, NSURL 1, timeout 86400 
20:38:21:427 [INFO]	Initialized -- gude-lib version: v0.12.1 app: gude
20:39:13:465 [ALWAYS]	GUDE Logging Started
20:39:13:465 [INFO]	SqliteResumeCache::SqliteResumeCache basedirectory is null/empty
20:39:13:465 [ERROR]	SqliteResumeCache::CreateSqliteResumeCache creating resume cache pointer failure
20:39:13:465 [ERROR]	Initialize resume cache pointer failure
20:39:13:465 [INFO]	gude policy POLICY_USER limit (2,2,1) chunk 2097152, chunking (UL 0 DL 1), resXfer 1, adapt 0, NSURL 0, timeout 86400 
20:39:13:465 [INFO]	Initialized -- gude-lib version: v0.12.1 app: gude
20:39:14:942 [WARN]	Ignoring attempt to reinit logging to \gude at level 4 retaining 3 days of logs
20:39:14:942 [INFO]	SqliteResumeCache::SqliteResumeCache basedirectory is null/empty
20:39:14:942 [ERROR]	SqliteResumeCache::CreateSqliteResumeCache creating resume cache pointer failure
20:39:14:942 [ERROR]	Initialize resume cache pointer failure
20:39:14:942 [INFO]	gude policy POLICY_USER limit (4,4,1) chunk 2097152, chunking (UL 0 DL 1), resXfer 1, adapt 0, NSURL 1, timeout 86400 
20:39:14:942 [INFO]	Initialized -- gude-lib version: v0.12.1 app: gude
20:42:27:430 [ALWAYS]	GUDE Logging Started
20:42:27:431 [INFO]	SqliteResumeCache::SqliteResumeCache basedirectory is null/empty
20:42:27:431 [ERROR]	SqliteResumeCache::CreateSqliteResumeCache creating resume cache pointer failure
20:42:27:431 [ERROR]	Initialize resume cache pointer failure
20:42:27:431 [INFO]	gude policy POLICY_USER limit (2,2,1) chunk 2097152, chunking (UL 0 DL 1), resXfer 1, adapt 0, NSURL 0, timeout 86400 
20:42:27:431 [INFO]	Initialized -- gude-lib version: v0.12.1 app: gude
20:42:28:911 [WARN]	Ignoring attempt to reinit logging to \gude at level 4 retaining 3 days of logs
20:42:28:911 [INFO]	SqliteResumeCache::SqliteResumeCache basedirectory is null/empty
20:42:28:911 [ERROR]	SqliteResumeCache::CreateSqliteResumeCache creating resume cache pointer failure
20:42:28:911 [ERROR]	Initialize resume cache pointer failure
20:42:28:911 [INFO]	gude policy POLICY_USER limit (4,4,1) chunk 2097152, chunking (UL 0 DL 1), resXfer 1, adapt 0, NSURL 1, timeout 86400 
20:42:28:911 [INFO]	Initialized -- gude-lib version: v0.12.1 app: gude
